\BOOKMARK [1][-]{section.1}{\376\377\004\043\004\062\004\076\004\064}{}% 1
\BOOKMARK [2][-]{subsection.1.1}{\376\377\004\020\004\072\004\102\004\103\004\060\004\073\004\075\004\076\004\101\004\102\000\040\004\075\004\060\000\040\004\102\004\065\004\074\004\060\004\102\004\060}{section.1}% 2
\BOOKMARK [2][-]{subsection.1.2}{\376\377\004\046\004\065\004\073\004\070\000\040\004\075\004\060\000\040\004\100\004\065\004\104\004\065\004\100\004\060\004\102\004\060}{section.1}% 3
\BOOKMARK [1][-]{section.2}{\376\377\004\032\004\060\004\072\004\062\004\076\000\040\004\065\000\040\000P\000r\000o\000m\000p\000t\000\040\000E\000n\000g\000i\000n\000e\000e\000r\000i\000n\000g}{}% 4
\BOOKMARK [2][-]{subsection.2.1}{\376\377\004\024\004\065\004\104\004\070\004\075\004\070\004\106\004\070\004\117\000\040\004\070\000\040\004\076\004\101\004\075\004\076\004\062\004\075\004\070\000\040\004\072\004\076\004\075\004\106\004\065\004\077\004\106\004\070\004\070}{section.2}% 5
\BOOKMARK [2][-]{subsection.2.2}{\376\377\004\040\004\076\004\073\004\117\000\040\004\077\004\100\004\070\000\040\004\062\004\067\004\060\004\070\004\074\004\076\004\064\004\065\004\071\004\101\004\102\004\062\004\070\004\065\000\040\004\101\000\040\000L\000L\000M}{section.2}% 6
\BOOKMARK [1][-]{section.3}{\376\377\004\036\004\101\004\075\004\076\004\062\004\075\004\070\000\040\004\102\004\065\004\105\004\075\004\070\004\072\004\070\000\040\004\070\000\040\004\077\004\076\004\064\004\105\004\076\004\064\004\070\000\040\004\062\000\040\000P\000r\000o\000m\000p\000t\000\040\000E\000n\000g\000i\000n\000e\000e\000r\000i\000n\000g}{}% 7
\BOOKMARK [2][-]{subsection.3.1}{\376\377\004\037\004\076\004\101\004\102\004\060\004\062\004\117\004\075\004\065\000\040\004\075\004\060\000\040\004\100\004\076\004\073\004\117\000\040\004\070\000\040\004\072\004\076\004\075\004\102\004\065\004\072\004\101\004\102}{section.3}% 8
\BOOKMARK [2][-]{subsection.3.2}{\376\377\004\036\004\063\004\100\004\060\004\075\004\070\004\107\004\065\004\075\004\070\004\117\000,\000\040\004\104\004\076\004\100\004\074\004\060\004\102\004\070\000\040\004\070\000\040\004\070\004\067\004\105\004\076\004\064\004\075\004\070\000\040\004\101\004\102\004\100\004\103\004\072\004\102\004\103\004\100\004\070}{section.3}% 9
\BOOKMARK [2][-]{subsection.3.3}{\376\377\004\030\004\102\004\065\004\100\004\060\004\102\004\070\004\062\004\075\004\070\000\040\004\077\004\100\004\076\004\074\004\077\004\102\004\076\004\062\004\065\000\040\004\070\000\040\004\100\004\065\004\104\004\060\004\071\004\075\004\074\004\065\004\075\004\102}{section.3}% 10
\BOOKMARK [2][-]{subsection.3.4}{\376\377\000F\000e\000w\000-\000s\000h\000o\000t\000\040\004\077\004\100\004\076\004\074\004\077\004\102\004\076\004\062\004\065}{section.3}% 11
\BOOKMARK [2][-]{subsection.3.5}{\376\377\000C\000h\000a\000i\000n\000-\000o\000f\000-\000t\000h\000o\000u\000g\000h\000t\000\040\000\050\000C\000o\000T\000\051}{section.3}% 12
\BOOKMARK [2][-]{subsection.3.6}{\376\377\000S\000e\000l\000f\000-\000c\000o\000n\000s\000i\000s\000t\000e\000n\000c\000y\000\040\004\070\000\040\000T\000o\000o\000l\000f\000o\000r\000m\000e\000r\000-\004\101\004\102\004\070\004\073}{section.3}% 13
\BOOKMARK [2][-]{subsection.3.7}{\376\377\004\042\004\065\004\101\004\102\004\076\004\062\004\065\000,\000\040\004\077\004\100\004\076\004\062\004\065\004\100\004\072\004\060\000\040\004\070\000\040\004\062\004\060\004\073\004\070\004\064\004\060\004\106\004\070\004\117}{section.3}% 14
\BOOKMARK [1][-]{section.4}{\376\377\000C\000h\000a\000t\000G\000P\000T\000\040\004\070\000\040\000P\000r\000o\000m\000p\000t\000\040\000E\000n\000g\000i\000n\000e\000e\000r\000i\000n\000g\000\040\004\062\000\040\000W\000e\000b\000\040\004\100\004\060\004\067\004\100\004\060\004\061\004\076\004\102\004\072\004\060\004\102\004\060}{}% 15
\BOOKMARK [2][-]{subsection.4.1}{\376\377\004\023\004\065\004\075\004\065\004\100\004\070\004\100\004\060\004\075\004\065\000\040\004\075\004\060\000\040\000H\000T\000M\000L\000/\000C\000S\000S\000/\000J\000S\000\040\004\110\004\060\004\061\004\073\004\076\004\075\004\070}{section.4}% 16
\BOOKMARK [2][-]{subsection.4.2}{\376\377\000C\000S\000S\000\040\004\063\004\065\004\075\004\065\004\100\004\070\004\100\004\060\004\075\004\065\000\040\004\070\000\040\000l\000a\000y\000o\000u\000t\000\040\004\101\004\070\004\101\004\102\004\065\004\074\004\070}{section.4}% 17
\BOOKMARK [2][-]{subsection.4.3}{\376\377\000J\000a\000v\000a\000S\000c\000r\000i\000p\000t\000\040\004\070\000\040\000D\000O\000M\000\040\004\074\004\060\004\075\004\070\004\077\004\103\004\073\004\060\004\106\004\070\004\117}{section.4}% 18
\BOOKMARK [2][-]{subsection.4.4}{\376\377\004\020\004\100\004\105\004\070\004\102\004\065\004\072\004\102\004\103\004\100\004\060\000,\000\040\004\064\004\076\004\072\004\103\004\074\004\065\004\075\004\102\004\060\004\106\004\070\004\117\000\040\004\070\000\040\004\102\004\065\004\101\004\102\004\076\004\062\004\065}{section.4}% 19
\BOOKMARK [2][-]{subsection.4.5}{\376\377\000i\0001\0008\000n\000\040\004\070\000\040\004\073\004\076\004\072\004\060\004\073\004\070\004\067\004\060\004\106\004\070\004\117}{section.4}% 20
\BOOKMARK [2][-]{subsection.4.6}{\376\377\004\024\004\076\004\061\004\100\004\070\000\040\004\077\004\100\004\060\004\072\004\102\004\070\004\072\004\070\000\040\004\067\004\060\000\040\004\070\004\075\004\102\004\065\004\063\004\100\004\060\004\106\004\070\004\117\000\040\004\062\000\040\000p\000i\000p\000e\000l\000i\000n\000e}{section.4}% 21
\BOOKMARK [2][-]{subsection.4.7}{\376\377\004\040\004\070\004\101\004\072\004\076\004\062\004\065\000\040\004\077\004\100\004\070\000\040\000`\000`\000b\000l\000i\000n\000d\000\040\000A\000I\000-\004\072\004\076\004\064\000'\000'}{section.4}% 22
\BOOKMARK [2][-]{subsection.4.8}{\376\377\004\025\004\102\004\070\004\072\004\060\000\040\004\070\000\040\004\077\004\100\004\076\004\104\004\065\004\101\004\070\004\076\004\075\004\060\004\073\004\075\004\060\000\040\004\076\004\102\004\063\004\076\004\062\004\076\004\100\004\075\004\076\004\101\004\102}{section.4}% 23
\BOOKMARK [2][-]{subsection.4.9}{\376\377\004\024\004\070\004\063\004\070\004\102\004\060\004\073\004\065\004\075\000\040\004\074\004\060\004\100\004\072\004\065\004\102\004\070\004\075\004\063\000\040\004\070\000\040\000S\000E\000O}{section.4}% 24
\BOOKMARK [2][-]{subsection.4.10}{\376\377\004\021\004\112\004\064\004\065\004\111\004\065\004\102\004\076\000\040\004\075\004\060\000\040\004\077\004\100\004\076\004\104\004\065\004\101\004\070\004\070\004\102\004\065}{section.4}% 25
\BOOKMARK [1][-]{section.5}{\376\377\004\037\004\100\004\070\004\073\004\076\004\066\004\065\004\075\004\070\004\117\000\040\004\062\000\040\004\103\004\065\004\061\000\040\000-\000\040\004\077\004\100\004\070\004\074\004\065\004\100\004\070\000\040\004\070\000\040\004\064\004\065\004\074\004\076\004\075\004\101\004\102\004\100\004\060\004\106\004\070\004\070}{}% 26
\BOOKMARK [2][-]{subsection.5.1}{\376\377\004\024\004\065\004\074\004\076\004\075\004\101\004\102\004\100\004\060\004\106\004\070\004\117\000\040\004\075\004\060\000\040\004\100\004\060\004\067\004\073\004\070\004\107\004\075\004\070\000\040\004\102\004\070\004\077\004\076\004\062\004\065\000\040\004\077\004\100\004\076\004\074\004\077\004\102\004\076\004\062\004\065}{section.5}% 27
\BOOKMARK [2][-]{subsection.5.2}{\376\377\004\023\004\065\004\075\004\065\004\100\004\070\004\100\004\060\004\075\000\040\004\072\004\076\004\064\000\040\004\101\000\040\004\064\004\076\004\061\004\100\004\060\000\040\004\101\004\102\004\100\004\103\004\072\004\102\004\103\004\100\004\060}{section.5}% 28
\BOOKMARK [2][-]{subsection.5.3}{\376\377\004\034\004\070\004\075\004\070\000-\004\072\004\060\004\067\004\103\004\101\004\070\000:\000\040\004\072\004\076\004\063\004\060\000\040\000A\000I\000\040\004\077\004\076\004\074\004\060\004\063\004\060\000\040\004\070\000\040\004\072\004\076\004\063\004\060\000\040\004\077\004\100\004\065\004\107\004\070}{section.5}% 29
\BOOKMARK [2][-]{subsection.5.4}{\376\377\004\032\004\060\004\072\000\040\004\064\004\060\000\040\004\062\004\060\004\073\004\070\004\064\004\070\004\100\004\060\004\074\004\065\000\040\004\100\004\065\004\067\004\103\004\073\004\102\004\060\004\102\004\060}{section.5}% 30
\BOOKMARK [1][-]{section.6}{\376\377\004\040\004\070\004\101\004\072\004\076\004\062\004\065\000\040\004\070\000\040\004\076\004\063\004\100\004\060\004\075\004\070\004\107\004\065\004\075\004\070\004\117}{}% 31
\BOOKMARK [2][-]{subsection.6.1}{\376\377\004\025\004\102\004\070\004\107\004\065\004\101\004\072\004\070\000\040\004\077\004\100\004\065\004\064\004\070\004\067\004\062\004\070\004\072\004\060\004\102\004\065\004\073\004\101\004\102\004\062\004\060}{section.6}% 32
\BOOKMARK [2][-]{subsection.6.2}{\376\377\004\035\004\060\004\064\004\065\004\066\004\064\004\075\004\076\004\101\004\102\000\040\004\070\000\040\004\105\004\060\004\073\004\116\004\106\004\070\004\075\004\060\004\106\004\070\004\070}{section.6}% 33
\BOOKMARK [2][-]{subsection.6.3}{\376\377\004\041\004\070\004\063\004\103\004\100\004\075\004\076\004\101\004\102}{section.6}% 34
\BOOKMARK [2][-]{subsection.6.4}{\376\377\004\035\004\065\004\077\004\100\004\060\004\062\004\070\004\073\004\075\004\070\000\040\004\106\004\070\004\102\004\060\004\102\004\070}{section.6}% 35
\BOOKMARK [2][-]{subsection.6.5}{\376\377\004\032\004\100\004\070\004\102\004\070\004\107\004\075\004\070\000\040\004\072\004\076\004\075\004\102\004\100\004\076\004\073\004\075\004\070\000\040\004\102\004\076\004\107\004\072\004\070}{section.6}% 36
\BOOKMARK [1][-]{section.7}{\376\377\004\027\004\060\004\072\004\073\004\116\004\107\004\065\004\075\004\070\004\065}{}% 37
\BOOKMARK [2][-]{subsection.7.1}{\376\377\004\020\004\062\004\102\004\076\004\100\004\101\004\072\004\076\000\040\004\074\004\075\004\065\004\075\004\070\004\065}{section.7}% 38
\BOOKMARK [2][-]{subsection.7.2}{\376\377\004\036\004\102\004\063\004\076\004\062\004\076\004\100\004\075\004\070\000\040\004\077\004\100\004\060\004\072\004\102\004\070\004\072\004\070}{section.7}% 39
\BOOKMARK [2][-]{subsection.7.3}{\376\377\004\021\004\112\004\064\004\065\004\111\004\070\000\040\004\077\004\065\004\100\004\101\004\077\004\065\004\072\004\102\004\070\004\062\004\070}{section.7}% 40
\BOOKMARK [2][-]{subsection.7.4}{\376\377\004\044\004\070\004\075\004\060\004\073\004\075\004\070\000\040\004\064\004\103\004\074\004\070}{section.7}% 41
\BOOKMARK [1][-]{section*.23}{\376\377\004\046\004\070\004\102\004\070\004\100\004\060\004\075\004\060\000\040\004\073\004\070\004\102\004\065\004\100\004\060\004\102\004\103\004\100\004\060}{}% 42
\BOOKMARK [1][-]{section*.24}{\376\377\004\037\004\100\004\070\004\073\004\076\004\066\004\065\004\075\004\070\004\117}{}% 43
